<?xml version="1.0" encoding="utf-8"?>
<coverage line-rate="0.75" branch-rate="0.5" lines-covered="3" lines-valid="4" branches-covered="1" branches-valid="2" version="1.9">
  <packages>
    <package name="MyApp" line-rate="0.75" branch-rate="0.5">
      <classes>
        <class name="MyApp.Calculator" filename="src/Calculator.cs" line-rate="0.75" branch-rate="0.5">
          <methods>
            <method name="Add" signature="()" line-rate="1" branch-rate="1">
              <lines>
                <line number="10" hits="1"/>
              </lines>
            </method>
          </methods>
          <lines>
            <line number="10" hits="1"/>
            <line number="11" hits="1"/>
            <line number="12" hits="1"/>
            <line number="13" hits="0" branch="true" condition-coverage="50% (1/2)"/>
          </lines>
        </class>
      </classes>
    </package>
  </packages>
</coverage>
