<?xml version="1.0" encoding="utf-8"?>
<CoverageSession xmlns:xsd="http://www.w3.org/2001/XMLSchema" xmlns:xsi="http://www.w3.org/2001/XMLSchema-instance" Version="4.7.1221.0">
  <Modules>
    <Module hash="ABC123" moduleName="MyApp" modulePath="MyApp.dll">
      <Files>
        <File uid="1" fullPath="/src/Calculator.cs" />
      </Files>
      <Classes>
        <Class fullname="MyApp.Calculator" filename="/src/Calculator.cs">
          <Methods>
            <Method name="Add" visited="1" cyclomaticComplexity="1">
              <SequencePoints>
                <SequencePoint vc="1" uspid="1" ordinal="0" offset="0" sl="10" sc="1" el="10" ec="2" fileid="1" />
                <SequencePoint vc="1" uspid="2" ordinal="1" offset="1" sl="11" sc="1" el="11" ec="2" fileid="1" />
                <SequencePoint vc="0" uspid="3" ordinal="2" offset="2" sl="12" sc="1" el="12" ec="2" fileid="1" />
              </SequencePoints>
            </Method>
          </Methods>
        </Class>
      </Classes>
    </Module>
  </Modules>
</CoverageSession>
